[debug] [2023-12-28T11:45:39.848Z] ----------------------------------------------------------------------
[debug] [2023-12-28T11:45:39.849Z] Command:       C:\Program Files\nodejs\node.exe C:\Program Files\nodejs\node_modules\firebase-tools\lib\bin\firebase.js deploy
[debug] [2023-12-28T11:45:39.850Z] CLI Version:   12.8.1
[debug] [2023-12-28T11:45:39.850Z] Platform:      win32
[debug] [2023-12-28T11:45:39.850Z] Node Version:  v16.20.0
[debug] [2023-12-28T11:45:39.851Z] Time:          Thu Dec 28 2023 17:15:39 GMT+0530 (India Standard Time)
[debug] [2023-12-28T11:45:39.851Z] ----------------------------------------------------------------------
[debug] 
[debug] [2023-12-28T11:45:39.921Z] > command requires scopes: ["email","openid","https://www.googleapis.com/auth/cloudplatformprojects.readonly","https://www.googleapis.com/auth/firebase","https://www.googleapis.com/auth/cloud-platform"]
[debug] [2023-12-28T11:45:39.922Z] > authorizing via signed-in user (indertechengineer@gmail.com)
[debug] [2023-12-28T11:45:39.922Z] [iam] checking project codebank-9fc74 for permissions ["firebase.projects.get","firebasehosting.sites.update"]
[debug] [2023-12-28T11:45:39.924Z] >>> [apiv2][query] POST https://cloudresourcemanager.googleapis.com/v1/projects/codebank-9fc74:testIamPermissions [none]
[debug] [2023-12-28T11:45:39.924Z] >>> [apiv2][(partial)header] POST https://cloudresourcemanager.googleapis.com/v1/projects/codebank-9fc74:testIamPermissions x-goog-quota-user=projects/codebank-9fc74
[debug] [2023-12-28T11:45:39.924Z] >>> [apiv2][body] POST https://cloudresourcemanager.googleapis.com/v1/projects/codebank-9fc74:testIamPermissions {"permissions":["firebase.projects.get","firebasehosting.sites.update"]}
[debug] [2023-12-28T11:45:41.725Z] <<< [apiv2][status] POST https://cloudresourcemanager.googleapis.com/v1/projects/codebank-9fc74:testIamPermissions 200
[debug] [2023-12-28T11:45:41.726Z] <<< [apiv2][body] POST https://cloudresourcemanager.googleapis.com/v1/projects/codebank-9fc74:testIamPermissions {}
[debug] [2023-12-28T11:45:41.726Z] [iam] error while checking permissions, command may fail: FirebaseError: Authorization failed. This account is missing the following required permissions on project codebank-9fc74:

  firebase.projects.get
  firebasehosting.sites.update
[debug] [2023-12-28T11:45:41.727Z] >>> [apiv2][query] GET https://firebase.googleapis.com/v1beta1/projects/codebank-9fc74 [none]
[debug] [2023-12-28T11:45:42.491Z] <<< [apiv2][status] GET https://firebase.googleapis.com/v1beta1/projects/codebank-9fc74 403
[debug] [2023-12-28T11:45:42.491Z] <<< [apiv2][body] GET https://firebase.googleapis.com/v1beta1/projects/codebank-9fc74 {"error":{"code":403,"message":"The caller does not have permission","status":"PERMISSION_DENIED"}}
[debug] [2023-12-28T11:45:42.492Z] HTTP Error: 403, The caller does not have permission
[debug] [2023-12-28T11:45:42.688Z] FirebaseError: HTTP Error: 403, The caller does not have permission
    at responseToError (C:\Users\my\AppData\Roaming\nvm\v16.20.0\node_modules\firebase-tools\lib\responseToError.js:49:12)
    at RetryOperation._fn (C:\Users\my\AppData\Roaming\nvm\v16.20.0\node_modules\firebase-tools\lib\apiv2.js:285:77)
    at processTicksAndRejections (node:internal/process/task_queues:96:5)
[error] 
[error] Error: Failed to get Firebase project codebank-9fc74. Please make sure the project exists and your account has permission to access it.
